# JRE version: Java(TM) SE Runtime Environment (8.0_161-b12) (build 1.8.0_161-b12)
# Java VM: Java HotSpot(TM) 64-Bit Server VM (25.161-b12 mixed mode windows-amd64 compressed oops)
Heap:
 PSYoungGen      total 136704K, used 115319K [0x00000000d6200000, 0x00000000e0800000, 0x0000000100000000)
  eden space 128512K, 84% used [0x00000000d6200000,0x00000000dcb8bcb8,0x00000000ddf80000)
  from space 8192K, 88% used [0x00000000ddf80000,0x00000000de692190,0x00000000de780000)
  to   space 12800K, 0% used [0x00000000dfb80000,0x00000000dfb80000,0x00000000e0800000)
 ParOldGen       total 79872K, used 18553K [0x0000000082600000, 0x0000000087400000, 0x00000000d6200000)
  object space 79872K, 23% used [0x0000000082600000,0x000000008381e6b0,0x0000000087400000)
 Metaspace       used 49740K, capacity 51180K, committed 51456K, reserved 1093632K
  class space    used 6547K, capacity 6846K, committed 6912K, reserved 1048576K
GC Heap History (10 events):
Event: 4.846 GC heap before
{Heap before GC invocations=9 (full 1):
 PSYoungGen      total 122880K, used 32670K [0x00000000d6200000, 0x00000000def80000, 0x0000000100000000)
  eden space 114688K, 21% used [0x00000000d6200000,0x00000000d79e7ee8,0x00000000dd200000)
  from space 8192K, 99% used [0x00000000ddf80000,0x00000000de77f930,0x00000000de780000)
  to   space 5632K, 0% used [0x00000000dea00000,0x00000000dea00000,0x00000000def80000)
 ParOldGen       total 49664K, used 8461K [0x0000000082600000, 0x0000000085680000, 0x00000000d6200000)
  object space 49664K, 17% used [0x0000000082600000,0x0000000082e43528,0x0000000085680000)
 Metaspace       used 34074K, capacity 35262K, committed 35416K, reserved 1081344K
  class space    used 4248K, capacity 4517K, committed 4608K, reserved 1048576K
Event: 4.853 GC heap after
Heap after GC invocations=9 (full 1):
 PSYoungGen      total 120320K, used 5600K [0x00000000d6200000, 0x00000000def80000, 0x0000000100000000)
  eden space 114688K, 0% used [0x00000000d6200000,0x00000000d6200000,0x00000000dd200000)
  from space 5632K, 99% used [0x00000000dea00000,0x00000000def78338,0x00000000def80000)
  to   space 8192K, 0% used [0x00000000ddf80000,0x00000000ddf80000,0x00000000de780000)
 ParOldGen       total 49664K, used 11714K [0x0000000082600000, 0x0000000085680000, 0x00000000d6200000)
  object space 49664K, 23% used [0x0000000082600000,0x0000000083170bd0,0x0000000085680000)
 Metaspace       used 34074K, capacity 35262K, committed 35416K, reserved 1081344K
  class space    used 4248K, capacity 4517K, committed 4608K, reserved 1048576K
}
Event: 4.853 GC heap before
{Heap before GC invocations=10 (full 2):
 PSYoungGen      total 120320K, used 5600K [0x00000000d6200000, 0x00000000def80000, 0x0000000100000000)
  eden space 114688K, 0% used [0x00000000d6200000,0x00000000d6200000,0x00000000dd200000)
  from space 5632K, 99% used [0x00000000dea00000,0x00000000def78338,0x00000000def80000)
  to   space 8192K, 0% used [0x00000000ddf80000,0x00000000ddf80000,0x00000000de780000)
 ParOldGen       total 49664K, used 11714K [0x0000000082600000, 0x0000000085680000, 0x00000000d6200000)
  object space 49664K, 23% used [0x0000000082600000,0x0000000083170bd0,0x0000000085680000)
 Metaspace       used 34074K, capacity 35262K, committed 35416K, reserved 1081344K
  class space    used 4248K, capacity 4517K, committed 4608K, reserved 1048576K
Event: 4.931 GC heap after
Heap after GC invocations=10 (full 2):
 PSYoungGen      total 120320K, used 0K [0x00000000d6200000, 0x00000000def80000, 0x0000000100000000)
  eden space 114688K, 0% used [0x00000000d6200000,0x00000000d6200000,0x00000000dd200000)
  from space 5632K, 0% used [0x00000000dea00000,0x00000000dea00000,0x00000000def80000)
  to   space 8192K, 0% used [0x00000000ddf80000,0x00000000ddf80000,0x00000000de780000)
 ParOldGen       total 79872K, used 13582K [0x0000000082600000, 0x0000000087400000, 0x00000000d6200000)
  object space 79872K, 17% used [0x0000000082600000,0x00000000833438b8,0x0000000087400000)
 Metaspace       used 34074K, capacity 35262K, committed 35416K, reserved 1081344K
  class space    used 4248K, capacity 4517K, committed 4608K, reserved 1048576K
}
Event: 6.353 GC heap before
{Heap before GC invocations=11 (full 2):
 PSYoungGen      total 120320K, used 114688K [0x00000000d6200000, 0x00000000def80000, 0x0000000100000000)
  eden space 114688K, 100% used [0x00000000d6200000,0x00000000dd200000,0x00000000dd200000)
  from space 5632K, 0% used [0x00000000dea00000,0x00000000dea00000,0x00000000def80000)
  to   space 8192K, 0% used [0x00000000ddf80000,0x00000000ddf80000,0x00000000de780000)
 ParOldGen       total 79872K, used 13582K [0x0000000082600000, 0x0000000087400000, 0x00000000d6200000)
  object space 79872K, 17% used [0x0000000082600000,0x00000000833438b8,0x0000000087400000)
 Metaspace       used 43963K, capacity 45354K, committed 45824K, reserved 1089536K
  class space    used 5739K, capacity 6039K, committed 6144K, reserved 1048576K
Event: 6.364 GC heap after
Heap after GC invocations=11 (full 2):
 PSYoungGen      total 136704K, used 8165K [0x00000000d6200000, 0x00000000e0800000, 0x0000000100000000)
  eden space 128512K, 0% used [0x00000000d6200000,0x00000000d6200000,0x00000000ddf80000)
  from space 8192K, 99% used [0x00000000ddf80000,0x00000000de779690,0x00000000de780000)
  to   space 12800K, 0% used [0x00000000dfb80000,0x00000000dfb80000,0x00000000e0800000)
 ParOldGen       total 79872K, used 18537K [0x0000000082600000, 0x0000000087400000, 0x00000000d6200000)
  object space 79872K, 23% used [0x0000000082600000,0x000000008381a6b0,0x0000000087400000)
 Metaspace       used 43963K, capacity 45354K, committed 45824K, reserved 1089536K
  class space    used 5739K, capacity 6039K, committed 6144K, reserved 1048576K
}
Event: 6.834 GC heap before
{Heap before GC invocations=12 (full 2):
 PSYoungGen      total 136704K, used 136677K [0x00000000d6200000, 0x00000000e0800000, 0x0000000100000000)
  eden space 128512K, 100% used [0x00000000d6200000,0x00000000ddf80000,0x00000000ddf80000)
  from space 8192K, 99% used [0x00000000ddf80000,0x00000000de779690,0x00000000de780000)
  to   space 12800K, 0% used [0x00000000dfb80000,0x00000000dfb80000,0x00000000e0800000)
 ParOldGen       total 79872K, used 18537K [0x0000000082600000, 0x0000000087400000, 0x00000000d6200000)
  object space 79872K, 23% used [0x0000000082600000,0x000000008381a6b0,0x0000000087400000)
 Metaspace       used 46856K, capacity 48274K, committed 48512K, reserved 1091584K
  class space    used 6232K, capacity 6503K, committed 6528K, reserved 1048576K
Event: 6.842 GC heap after
Heap after GC invocations=12 (full 2):
 PSYoungGen      total 141312K, used 8851K [0x00000000d6200000, 0x00000000e0800000, 0x0000000100000000)
  eden space 128512K, 0% used [0x00000000d6200000,0x00000000d6200000,0x00000000ddf80000)
  from space 12800K, 69% used [0x00000000dfb80000,0x00000000e0424e50,0x00000000e0800000)
  to   space 8192K, 0% used [0x00000000ddf80000,0x00000000ddf80000,0x00000000de780000)
 ParOldGen       total 79872K, used 18545K [0x0000000082600000, 0x0000000087400000, 0x00000000d6200000)
  object space 79872K, 23% used [0x0000000082600000,0x000000008381c6b0,0x0000000087400000)
 Metaspace       used 46856K, capacity 48274K, committed 48512K, reserved 1091584K
  class space    used 6232K, capacity 6503K, committed 6528K, reserved 1048576K
}
Event: 7.069 GC heap before
{Heap before GC invocations=13 (full 2):
 PSYoungGen      total 141312K, used 137363K [0x00000000d6200000, 0x00000000e0800000, 0x0000000100000000)
  eden space 128512K, 100% used [0x00000000d6200000,0x00000000ddf80000,0x00000000ddf80000)
  from space 12800K, 69% used [0x00000000dfb80000,0x00000000e0424e50,0x00000000e0800000)
  to   space 8192K, 0% used [0x00000000ddf80000,0x00000000ddf80000,0x00000000de780000)
 ParOldGen       total 79872K, used 18545K [0x0000000082600000, 0x0000000087400000, 0x00000000d6200000)
  object space 79872K, 23% used [0x0000000082600000,0x000000008381c6b0,0x0000000087400000)
 Metaspace       used 47260K, capacity 48658K, committed 49024K, reserved 1091584K
  class space    used 6241K, capacity 6503K, committed 6528K, reserved 1048576K
Event: 7.074 GC heap after
Heap after GC invocations=13 (full 2):
 PSYoungGen      total 136704K, used 7240K [0x00000000d6200000, 0x00000000e0800000, 0x0000000100000000)
  eden space 128512K, 0% used [0x00000000d6200000,0x00000000d6200000,0x00000000ddf80000)
  from space 8192K, 88% used [0x00000000ddf80000,0x00000000de692190,0x00000000de780000)
  to   space 12800K, 0% used [0x00000000dfb80000,0x00000000dfb80000,0x00000000e0800000)
 ParOldGen       total 79872K, used 18553K [0x0000000082600000, 0x0000000087400000, 0x00000000d6200000)
  object space 79872K, 23% used [0x0000000082600000,0x000000008381e6b0,0x0000000087400000)
 Metaspace       used 47260K, capacity 48658K, committed 49024K, reserved 1091584K
  class space    used 6241K, capacity 6503K, committed 6528K, reserved 1048576K
}

