# JRE version: Java(TM) SE Runtime Environment (8.0_161-b12) (build 1.8.0_161-b12)
# Java VM: Java HotSpot(TM) 64-Bit Server VM (25.161-b12 mixed mode windows-amd64 compressed oops)
Heap:
 PSYoungGen      total 242688K, used 86755K [0x00000000d6200000, 0x00000000e5c80000, 0x0000000100000000)
  eden space 228864K, 31% used [0x00000000d6200000,0x00000000da93af08,0x00000000e4180000)
  from space 13824K, 99% used [0x00000000e4180000,0x00000000e4efe0b0,0x00000000e4f00000)
  to   space 9728K, 0% used [0x00000000e5300000,0x00000000e5300000,0x00000000e5c80000)
 ParOldGen       total 81408K, used 24946K [0x0000000082600000, 0x0000000087580000, 0x00000000d6200000)
  object space 81408K, 30% used [0x0000000082600000,0x0000000083e5cad0,0x0000000087580000)
 Metaspace       used 55969K, capacity 58422K, committed 58624K, reserved 1099776K
  class space    used 7374K, capacity 7819K, committed 7936K, reserved 1048576K
GC Heap History (10 events):
Event: 3.263 GC heap before
{Heap before GC invocations=9 (full 1):
 PSYoungGen      total 137216K, used 37945K [0x00000000d6200000, 0x00000000e2c00000, 0x0000000100000000)
  eden space 128512K, 22% used [0x00000000d6200000,0x00000000d7e90c00,0x00000000ddf80000)
  from space 8704K, 99% used [0x00000000ddf80000,0x00000000de7fd8e8,0x00000000de800000)
  to   space 10240K, 0% used [0x00000000e2200000,0x00000000e2200000,0x00000000e2c00000)
 ParOldGen       total 50688K, used 7270K [0x0000000082600000, 0x0000000085780000, 0x00000000d6200000)
  object space 50688K, 14% used [0x0000000082600000,0x0000000082d19b70,0x0000000085780000)
 Metaspace       used 34045K, capacity 35270K, committed 35416K, reserved 1081344K
  class space    used 4243K, capacity 4517K, committed 4608K, reserved 1048576K
Event: 3.271 GC heap after
Heap after GC invocations=9 (full 1):
 PSYoungGen      total 196096K, used 9008K [0x00000000d6200000, 0x00000000e4500000, 0x0000000100000000)
  eden space 185856K, 0% used [0x00000000d6200000,0x00000000d6200000,0x00000000e1780000)
  from space 10240K, 87% used [0x00000000e2200000,0x00000000e2acc3e8,0x00000000e2c00000)
  to   space 10752K, 0% used [0x00000000e1780000,0x00000000e1780000,0x00000000e2200000)
 ParOldGen       total 50688K, used 7278K [0x0000000082600000, 0x0000000085780000, 0x00000000d6200000)
  object space 50688K, 14% used [0x0000000082600000,0x0000000082d1bb70,0x0000000085780000)
 Metaspace       used 34045K, capacity 35270K, committed 35416K, reserved 1081344K
  class space    used 4243K, capacity 4517K, committed 4608K, reserved 1048576K
}
Event: 3.271 GC heap before
{Heap before GC invocations=10 (full 2):
 PSYoungGen      total 196096K, used 9008K [0x00000000d6200000, 0x00000000e4500000, 0x0000000100000000)
  eden space 185856K, 0% used [0x00000000d6200000,0x00000000d6200000,0x00000000e1780000)
  from space 10240K, 87% used [0x00000000e2200000,0x00000000e2acc3e8,0x00000000e2c00000)
  to   space 10752K, 0% used [0x00000000e1780000,0x00000000e1780000,0x00000000e2200000)
 ParOldGen       total 50688K, used 7278K [0x0000000082600000, 0x0000000085780000, 0x00000000d6200000)
  object space 50688K, 14% used [0x0000000082600000,0x0000000082d1bb70,0x0000000085780000)
 Metaspace       used 34045K, capacity 35270K, committed 35416K, reserved 1081344K
  class space    used 4243K, capacity 4517K, committed 4608K, reserved 1048576K
Event: 3.369 GC heap after
Heap after GC invocations=10 (full 2):
 PSYoungGen      total 196096K, used 0K [0x00000000d6200000, 0x00000000e4500000, 0x0000000100000000)
  eden space 185856K, 0% used [0x00000000d6200000,0x00000000d6200000,0x00000000e1780000)
  from space 10240K, 0% used [0x00000000e2200000,0x00000000e2200000,0x00000000e2c00000)
  to   space 10752K, 0% used [0x00000000e1780000,0x00000000e1780000,0x00000000e2200000)
 ParOldGen       total 81408K, used 13636K [0x0000000082600000, 0x0000000087580000, 0x00000000d6200000)
  object space 81408K, 16% used [0x0000000082600000,0x0000000083351190,0x0000000087580000)
 Metaspace       used 34045K, capacity 35270K, committed 35416K, reserved 1081344K
  class space    used 4243K, capacity 4517K, committed 4608K, reserved 1048576K
}
Event: 5.126 GC heap before
{Heap before GC invocations=11 (full 2):
 PSYoungGen      total 196096K, used 185856K [0x00000000d6200000, 0x00000000e4500000, 0x0000000100000000)
  eden space 185856K, 100% used [0x00000000d6200000,0x00000000e1780000,0x00000000e1780000)
  from space 10240K, 0% used [0x00000000e2200000,0x00000000e2200000,0x00000000e2c00000)
  to   space 10752K, 0% used [0x00000000e1780000,0x00000000e1780000,0x00000000e2200000)
 ParOldGen       total 81408K, used 13636K [0x0000000082600000, 0x0000000087580000, 0x00000000d6200000)
  object space 81408K, 16% used [0x0000000082600000,0x0000000083351190,0x0000000087580000)
 Metaspace       used 46371K, capacity 47810K, committed 48000K, reserved 1091584K
  class space    used 6169K, capacity 6435K, committed 6528K, reserved 1048576K
Event: 5.138 GC heap after
Heap after GC invocations=11 (full 2):
 PSYoungGen      total 196608K, used 10740K [0x00000000d6200000, 0x00000000e6100000, 0x0000000100000000)
  eden space 185856K, 0% used [0x00000000d6200000,0x00000000d6200000,0x00000000e1780000)
  from space 10752K, 99% used [0x00000000e1780000,0x00000000e21fd1e0,0x00000000e2200000)
  to   space 14336K, 0% used [0x00000000e5300000,0x00000000e5300000,0x00000000e6100000)
 ParOldGen       total 81408K, used 18710K [0x0000000082600000, 0x0000000087580000, 0x00000000d6200000)
  object space 81408K, 22% used [0x0000000082600000,0x0000000083845a08,0x0000000087580000)
 Metaspace       used 46371K, capacity 47810K, committed 48000K, reserved 1091584K
  class space    used 6169K, capacity 6435K, committed 6528K, reserved 1048576K
}
Event: 5.468 GC heap before
{Heap before GC invocations=12 (full 2):
 PSYoungGen      total 196608K, used 196596K [0x00000000d6200000, 0x00000000e6100000, 0x0000000100000000)
  eden space 185856K, 100% used [0x00000000d6200000,0x00000000e1780000,0x00000000e1780000)
  from space 10752K, 99% used [0x00000000e1780000,0x00000000e21fd1e0,0x00000000e2200000)
  to   space 14336K, 0% used [0x00000000e5300000,0x00000000e5300000,0x00000000e6100000)
 ParOldGen       total 81408K, used 18710K [0x0000000082600000, 0x0000000087580000, 0x00000000d6200000)
  object space 81408K, 22% used [0x0000000082600000,0x0000000083845a08,0x0000000087580000)
 Metaspace       used 47281K, capacity 48666K, committed 49024K, reserved 1091584K
  class space    used 6244K, capacity 6503K, committed 6528K, reserved 1048576K
Event: 5.472 GC heap after
Heap after GC invocations=12 (full 2):
 PSYoungGen      total 238592K, used 7336K [0x00000000d6200000, 0x00000000e5c80000, 0x0000000100000000)
  eden space 228864K, 0% used [0x00000000d6200000,0x00000000d6200000,0x00000000e4180000)
  from space 9728K, 75% used [0x00000000e5300000,0x00000000e5a2a1a0,0x00000000e5c80000)
  to   space 13824K, 0% used [0x00000000e4180000,0x00000000e4180000,0x00000000e4f00000)
 ParOldGen       total 81408K, used 18718K [0x0000000082600000, 0x0000000087580000, 0x00000000d6200000)
  object space 81408K, 22% used [0x0000000082600000,0x0000000083847a08,0x0000000087580000)
 Metaspace       used 47281K, capacity 48666K, committed 49024K, reserved 1091584K
  class space    used 6244K, capacity 6503K, committed 6528K, reserved 1048576K
}
Event: 6.946 GC heap before
{Heap before GC invocations=13 (full 2):
 PSYoungGen      total 238592K, used 236200K [0x00000000d6200000, 0x00000000e5c80000, 0x0000000100000000)
  eden space 228864K, 100% used [0x00000000d6200000,0x00000000e4180000,0x00000000e4180000)
  from space 9728K, 75% used [0x00000000e5300000,0x00000000e5a2a1a0,0x00000000e5c80000)
  to   space 13824K, 0% used [0x00000000e4180000,0x00000000e4180000,0x00000000e4f00000)
 ParOldGen       total 81408K, used 18718K [0x0000000082600000, 0x0000000087580000, 0x00000000d6200000)
  object space 81408K, 22% used [0x0000000082600000,0x0000000083847a08,0x0000000087580000)
 Metaspace       used 54534K, capacity 56876K, committed 57088K, reserved 1099776K
  class space    used 7160K, capacity 7562K, committed 7680K, reserved 1048576K
Event: 6.967 GC heap after
Heap after GC invocations=13 (full 2):
 PSYoungGen      total 242688K, used 13816K [0x00000000d6200000, 0x00000000e5c80000, 0x0000000100000000)
  eden space 228864K, 0% used [0x00000000d6200000,0x00000000d6200000,0x00000000e4180000)
  from space 13824K, 99% used [0x00000000e4180000,0x00000000e4efe0b0,0x00000000e4f00000)
  to   space 9728K, 0% used [0x00000000e5300000,0x00000000e5300000,0x00000000e5c80000)
 ParOldGen       total 81408K, used 24946K [0x0000000082600000, 0x0000000087580000, 0x00000000d6200000)
  object space 81408K, 30% used [0x0000000082600000,0x0000000083e5cad0,0x0000000087580000)
 Metaspace       used 54534K, capacity 56876K, committed 57088K, reserved 1099776K
  class space    used 7160K, capacity 7562K, committed 7680K, reserved 1048576K
}

